# JRE version: OpenJDK Runtime Environment (17.0.12+7) (build 17.0.12+7-Ubuntu-1ubuntu224.04)
# Java VM: OpenJDK 64-Bit Server VM (17.0.12+7-Ubuntu-1ubuntu224.04, mixed mode, tiered, compressed oops, compressed class ptrs, g1 gc, linux-amd64)
GC Precious Log:
 CPUs: 16 total, 16 available
 Memory: 7937M
 Large Page Support: Disabled
 NUMA Support: Disabled
 Compressed Oops: Enabled (32-bit)
 Heap Region Size: 1M
 Heap Min Capacity: 8M
 Heap Initial Capacity: 126M
 Heap Max Capacity: 1986M
 Pre-touch: Disabled
 Parallel Workers: 13
 Concurrent Workers: 3
 Concurrent Refinement Workers: 13
 Periodic GC: Disabled
Heap:
 garbage-first heap   total 121856K, used 103139K [0x0000000083e00000, 0x0000000100000000)
  region size 1024K, 52 young (53248K), 1 survivors (1024K)
 Metaspace       used 25443K, committed 25728K, reserved 1114112K
  class space    used 2618K, committed 2752K, reserved 1048576K
GC Heap History (20 events):
Event: 10.011 GC heap before
{Heap before GC invocations=3 (full 0):
 garbage-first heap   total 34816K, used 22185K [0x0000000083e00000, 0x0000000100000000)
  region size 1024K, 20 young (20480K), 5 survivors (5120K)
 Metaspace       used 24921K, committed 25152K, reserved 1114112K
  class space    used 2595K, committed 2688K, reserved 1048576K
}
Event: 10.024 GC heap after
{Heap after GC invocations=4 (full 0):
 garbage-first heap   total 34816K, used 8986K [0x0000000083e00000, 0x0000000100000000)
  region size 1024K, 2 young (2048K), 2 survivors (2048K)
 Metaspace       used 24921K, committed 25152K, reserved 1114112K
  class space    used 2595K, committed 2688K, reserved 1048576K
}
Event: 10.217 GC heap before
{Heap before GC invocations=4 (full 0):
 garbage-first heap   total 34816K, used 10010K [0x0000000083e00000, 0x0000000100000000)
  region size 1024K, 3 young (3072K), 2 survivors (2048K)
 Metaspace       used 24989K, committed 25216K, reserved 1114112K
  class space    used 2595K, committed 2688K, reserved 1048576K
}
Event: 10.221 GC heap after
{Heap after GC invocations=5 (full 0):
 garbage-first heap   total 34816K, used 9325K [0x0000000083e00000, 0x0000000100000000)
  region size 1024K, 1 young (1024K), 1 survivors (1024K)
 Metaspace       used 24989K, committed 25216K, reserved 1114112K
  class space    used 2595K, committed 2688K, reserved 1048576K
}
Event: 10.835 GC heap before
{Heap before GC invocations=5 (full 0):
 garbage-first heap   total 34816K, used 23661K [0x0000000083e00000, 0x0000000100000000)
  region size 1024K, 12 young (12288K), 1 survivors (1024K)
 Metaspace       used 25193K, committed 25408K, reserved 1114112K
  class space    used 2604K, committed 2688K, reserved 1048576K
}
Event: 10.839 GC heap after
{Heap after GC invocations=6 (full 0):
 garbage-first heap   total 34816K, used 17662K [0x0000000083e00000, 0x0000000100000000)
  region size 1024K, 2 young (2048K), 2 survivors (2048K)
 Metaspace       used 25193K, committed 25408K, reserved 1114112K
  class space    used 2604K, committed 2688K, reserved 1048576K
}
Event: 10.875 GC heap before
{Heap before GC invocations=7 (full 0):
 garbage-first heap   total 43008K, used 23806K [0x0000000083e00000, 0x0000000100000000)
  region size 1024K, 3 young (3072K), 2 survivors (2048K)
 Metaspace       used 25193K, committed 25408K, reserved 1114112K
  class space    used 2604K, committed 2688K, reserved 1048576K
}
Event: 10.878 GC heap after
{Heap after GC invocations=8 (full 0):
 garbage-first heap   total 43008K, used 18604K [0x0000000083e00000, 0x0000000100000000)
  region size 1024K, 1 young (1024K), 1 survivors (1024K)
 Metaspace       used 25193K, committed 25408K, reserved 1114112K
  class space    used 2604K, committed 2688K, reserved 1048576K
}
Event: 11.030 GC heap before
{Heap before GC invocations=8 (full 0):
 garbage-first heap   total 43008K, used 22700K [0x0000000083e00000, 0x0000000100000000)
  region size 1024K, 4 young (4096K), 1 survivors (1024K)
 Metaspace       used 25193K, committed 25408K, reserved 1114112K
  class space    used 2604K, committed 2688K, reserved 1048576K
}
Event: 11.032 GC heap after
{Heap after GC invocations=9 (full 0):
 garbage-first heap   total 64512K, used 23070K [0x0000000083e00000, 0x0000000100000000)
  region size 1024K, 2 young (2048K), 2 survivors (2048K)
 Metaspace       used 25193K, committed 25408K, reserved 1114112K
  class space    used 2604K, committed 2688K, reserved 1048576K
}
Event: 11.062 GC heap before
{Heap before GC invocations=9 (full 0):
 garbage-first heap   total 64512K, used 31262K [0x0000000083e00000, 0x0000000100000000)
  region size 1024K, 3 young (3072K), 2 survivors (2048K)
 Metaspace       used 25193K, committed 25408K, reserved 1114112K
  class space    used 2604K, committed 2688K, reserved 1048576K
}
Event: 11.064 GC heap after
{Heap after GC invocations=10 (full 0):
 garbage-first heap   total 64512K, used 27284K [0x0000000083e00000, 0x0000000100000000)
  region size 1024K, 1 young (1024K), 1 survivors (1024K)
 Metaspace       used 25193K, committed 25408K, reserved 1114112K
  class space    used 2604K, committed 2688K, reserved 1048576K
}
Event: 11.360 GC heap before
{Heap before GC invocations=10 (full 0):
 garbage-first heap   total 64512K, used 43668K [0x0000000083e00000, 0x0000000100000000)
  region size 1024K, 12 young (12288K), 1 survivors (1024K)
 Metaspace       used 25193K, committed 25408K, reserved 1114112K
  class space    used 2604K, committed 2688K, reserved 1048576K
}
Event: 11.362 GC heap after
{Heap after GC invocations=11 (full 0):
 garbage-first heap   total 64512K, used 27265K [0x0000000083e00000, 0x0000000100000000)
  region size 1024K, 1 young (1024K), 1 survivors (1024K)
 Metaspace       used 25193K, committed 25408K, reserved 1114112K
  class space    used 2604K, committed 2688K, reserved 1048576K
}
Event: 11.372 GC heap before
{Heap before GC invocations=11 (full 0):
 garbage-first heap   total 64512K, used 29313K [0x0000000083e00000, 0x0000000100000000)
  region size 1024K, 2 young (2048K), 1 survivors (1024K)
 Metaspace       used 25193K, committed 25408K, reserved 1114112K
  class space    used 2604K, committed 2688K, reserved 1048576K
}
Event: 11.374 GC heap after
{Heap after GC invocations=12 (full 0):
 garbage-first heap   total 64512K, used 27260K [0x0000000083e00000, 0x0000000100000000)
  region size 1024K, 1 young (1024K), 1 survivors (1024K)
 Metaspace       used 25193K, committed 25408K, reserved 1114112K
  class space    used 2604K, committed 2688K, reserved 1048576K
}
Event: 11.376 GC heap before
{Heap before GC invocations=12 (full 0):
 garbage-first heap   total 64512K, used 29308K [0x0000000083e00000, 0x0000000100000000)
  region size 1024K, 2 young (2048K), 1 survivors (1024K)
 Metaspace       used 25193K, committed 25408K, reserved 1114112K
  class space    used 2604K, committed 2688K, reserved 1048576K
}
Event: 11.378 GC heap after
{Heap after GC invocations=13 (full 0):
 garbage-first heap   total 64512K, used 29307K [0x0000000083e00000, 0x0000000100000000)
  region size 1024K, 1 young (1024K), 1 survivors (1024K)
 Metaspace       used 25193K, committed 25408K, reserved 1114112K
  class space    used 2604K, committed 2688K, reserved 1048576K
}
Event: 12.300 GC heap before
{Heap before GC invocations=14 (full 0):
 garbage-first heap   total 64512K, used 32379K [0x0000000083e00000, 0x0000000100000000)
  region size 1024K, 5 young (5120K), 1 survivors (1024K)
 Metaspace       used 25217K, committed 25472K, reserved 1114112K
  class space    used 2604K, committed 2688K, reserved 1048576K
}
Event: 12.303 GC heap after
{Heap after GC invocations=15 (full 0):
 garbage-first heap   total 121856K, used 23267K [0x0000000083e00000, 0x0000000100000000)
  region size 1024K, 1 young (1024K), 1 survivors (1024K)
 Metaspace       used 25217K, committed 25472K, reserved 1114112K
  class space    used 2604K, committed 2688K, reserved 1048576K
}

